d:\programming\c++\crystal\bin-int\debug-windows-x86_64\crystal\crystal.pch
d:\programming\c++\crystal\bin\debug-windows-x86_64\crystal\crystal.pdb
d:\programming\c++\crystal\bin\debug-windows-x86_64\crystal\crystal.idb
d:\programming\c++\crystal\bin-int\debug-windows-x86_64\crystal\crystalpch.obj
d:\programming\c++\crystal\bin-int\debug-windows-x86_64\crystal\windowswindow.obj
d:\programming\c++\crystal\bin-int\debug-windows-x86_64\crystal\windowsinput.obj
d:\programming\c++\crystal\bin-int\debug-windows-x86_64\crystal\imguiopenglrenderer.obj
d:\programming\c++\crystal\bin-int\debug-windows-x86_64\crystal\log.obj
d:\programming\c++\crystal\bin-int\debug-windows-x86_64\crystal\layerstack.obj
d:\programming\c++\crystal\bin-int\debug-windows-x86_64\crystal\layer.obj
d:\programming\c++\crystal\bin-int\debug-windows-x86_64\crystal\imguilayer.obj
d:\programming\c++\crystal\bin-int\debug-windows-x86_64\crystal\application.obj
d:\programming\c++\crystal\bin\debug-windows-x86_64\crystal\crystal.lib
d:\programming\c++\crystal\bin-int\debug-windows-x86_64\crystal\crystal.tlog\cl.command.1.tlog
d:\programming\c++\crystal\bin-int\debug-windows-x86_64\crystal\crystal.tlog\cl.items.tlog
d:\programming\c++\crystal\bin-int\debug-windows-x86_64\crystal\crystal.tlog\cl.read.1.tlog
d:\programming\c++\crystal\bin-int\debug-windows-x86_64\crystal\crystal.tlog\cl.write.1.tlog
d:\programming\c++\crystal\bin-int\debug-windows-x86_64\crystal\crystal.tlog\lib-link.read.1.tlog
d:\programming\c++\crystal\bin-int\debug-windows-x86_64\crystal\crystal.tlog\lib-link.write.1.tlog
d:\programming\c++\crystal\bin-int\debug-windows-x86_64\crystal\crystal.tlog\lib.command.1.tlog
