cl : command line  warning D9025: overriding '/MTd' with '/MDd'
  Application.cpp
D:\Programming\C++\Crystal\Crystal\src\Crystal\Log.h(18,42): warning C4251: 'Crystal::Log::s_CoreLogger': class 'std::shared_ptr<spdlog::logger>' needs to have dll-interface to be used by clients of class 'Crystal::Log'
D:\Programming\C++\Crystal\Crystal\vendor\spdlog\include\spdlog\details\registry.h(34,31): message : see declaration of 'std::shared_ptr<spdlog::logger>'
D:\Programming\C++\Crystal\Crystal\src\Crystal\Log.h(19,42): warning C4251: 'Crystal::Log::s_ClientLogger': class 'std::shared_ptr<spdlog::logger>' needs to have dll-interface to be used by clients of class 'Crystal::Log'
D:\Programming\C++\Crystal\Crystal\vendor\spdlog\include\spdlog\details\registry.h(34,31): message : see declaration of 'std::shared_ptr<spdlog::logger>'
D:\Programming\C++\Crystal\Crystal\src\Crystal\Layer.h(20,15): warning C4251: 'Crystal::Layer::m_DebugName': class 'std::basic_string<char,std::char_traits<char>,std::allocator<char>>' needs to have dll-interface to be used by clients of class 'Crystal::Layer'
C:\Program Files\Microsoft Visual Studio\2022\Community\VC\Tools\MSVC\14.37.32822\include\xstring(5119,29): message : see declaration of 'std::basic_string<char,std::char_traits<char>,std::allocator<char>>'
D:\Programming\C++\Crystal\Crystal\src\Crystal\LayerStack.h(23,23): warning C4251: 'Crystal::LayerStack::m_Layers': class 'std::vector<Crystal::Layer *,std::allocator<Crystal::Layer *>>' needs to have dll-interface to be used by clients of class 'Crystal::LayerStack'
D:\Programming\C++\Crystal\Crystal\src\Crystal\LayerStack.h(20,8): message : see declaration of 'std::vector<Crystal::Layer *,std::allocator<Crystal::Layer *>>'
D:\Programming\C++\Crystal\Crystal\src\Crystal\LayerStack.h(24,33): warning C4251: 'Crystal::LayerStack::m_LayerInsert': class 'std::_Vector_iterator<std::_Vector_val<std::_Simple_types<_Ty>>>' needs to have dll-interface to be used by clients of class 'Crystal::LayerStack'
          with
          [
              _Ty=Crystal::Layer *
          ]
C:\Program Files\Microsoft Visual Studio\2022\Community\VC\Tools\MSVC\14.37.32822\include\vector(605,36): message : see declaration of 'std::_Vector_iterator<std::_Vector_val<std::_Simple_types<_Ty>>>'
          with
          [
              _Ty=Crystal::Layer *
          ]
D:\Programming\C++\Crystal\Crystal\src\Crystal\Application.h(29,27): warning C4251: 'Crystal::Application::m_Window': class 'std::unique_ptr<Crystal::Window,std::default_delete<Crystal::Window>>' needs to have dll-interface to be used by clients of class 'Crystal::Application'
D:\Programming\C++\Crystal\Crystal\src\Crystal\Application.h(29,8): message : see declaration of 'std::unique_ptr<Crystal::Window,std::default_delete<Crystal::Window>>'
  ImGuiLayer.cpp
D:\Programming\C++\Crystal\Crystal\src\Crystal\Layer.h(20,15): warning C4251: 'Crystal::Layer::m_DebugName': class 'std::basic_string<char,std::char_traits<char>,std::allocator<char>>' needs to have dll-interface to be used by clients of class 'Crystal::Layer'
C:\Program Files\Microsoft Visual Studio\2022\Community\VC\Tools\MSVC\14.37.32822\include\xstring(5119,29): message : see declaration of 'std::basic_string<char,std::char_traits<char>,std::allocator<char>>'
D:\Programming\C++\Crystal\Crystal\src\Crystal\Log.h(18,42): warning C4251: 'Crystal::Log::s_CoreLogger': class 'std::shared_ptr<spdlog::logger>' needs to have dll-interface to be used by clients of class 'Crystal::Log'
D:\Programming\C++\Crystal\Crystal\vendor\spdlog\include\spdlog\details\registry.h(34,31): message : see declaration of 'std::shared_ptr<spdlog::logger>'
D:\Programming\C++\Crystal\Crystal\src\Crystal\Log.h(19,42): warning C4251: 'Crystal::Log::s_ClientLogger': class 'std::shared_ptr<spdlog::logger>' needs to have dll-interface to be used by clients of class 'Crystal::Log'
D:\Programming\C++\Crystal\Crystal\vendor\spdlog\include\spdlog\details\registry.h(34,31): message : see declaration of 'std::shared_ptr<spdlog::logger>'
D:\Programming\C++\Crystal\Crystal\src\Crystal\LayerStack.h(23,23): warning C4251: 'Crystal::LayerStack::m_Layers': class 'std::vector<Crystal::Layer *,std::allocator<Crystal::Layer *>>' needs to have dll-interface to be used by clients of class 'Crystal::LayerStack'
D:\Programming\C++\Crystal\Crystal\src\Crystal\LayerStack.h(20,8): message : see declaration of 'std::vector<Crystal::Layer *,std::allocator<Crystal::Layer *>>'
D:\Programming\C++\Crystal\Crystal\src\Crystal\LayerStack.h(24,33): warning C4251: 'Crystal::LayerStack::m_LayerInsert': class 'std::_Vector_iterator<std::_Vector_val<std::_Simple_types<_Ty>>>' needs to have dll-interface to be used by clients of class 'Crystal::LayerStack'
          with
          [
              _Ty=Crystal::Layer *
          ]
C:\Program Files\Microsoft Visual Studio\2022\Community\VC\Tools\MSVC\14.37.32822\include\vector(605,36): message : see declaration of 'std::_Vector_iterator<std::_Vector_val<std::_Simple_types<_Ty>>>'
          with
          [
              _Ty=Crystal::Layer *
          ]
D:\Programming\C++\Crystal\Crystal\src\Crystal\Application.h(29,27): warning C4251: 'Crystal::Application::m_Window': class 'std::unique_ptr<Crystal::Window,std::default_delete<Crystal::Window>>' needs to have dll-interface to be used by clients of class 'Crystal::Application'
D:\Programming\C++\Crystal\Crystal\src\Crystal\Application.h(29,8): message : see declaration of 'std::unique_ptr<Crystal::Window,std::default_delete<Crystal::Window>>'
D:\Programming\C++\Crystal\Crystal\src\Crystal\ImGui\ImGuiLayer.cpp(65,80): warning C4244: 'argument': conversion from 'unsigned int' to 'float', possible loss of data
D:\Programming\C++\Crystal\Crystal\src\Crystal\ImGui\ImGuiLayer.cpp(65,51): warning C4244: 'argument': conversion from 'unsigned int' to 'float', possible loss of data
D:\Programming\C++\Crystal\Crystal\src\Crystal\ImGui\ImGuiLayer.cpp(151,52): warning C4244: 'argument': conversion from 'unsigned int' to 'float', possible loss of data
D:\Programming\C++\Crystal\Crystal\src\Crystal\ImGui\ImGuiLayer.cpp(151,37): warning C4244: 'argument': conversion from 'unsigned int' to 'float', possible loss of data
  Layer.cpp
D:\Programming\C++\Crystal\Crystal\src\Crystal\Layer.h(20,15): warning C4251: 'Crystal::Layer::m_DebugName': class 'std::basic_string<char,std::char_traits<char>,std::allocator<char>>' needs to have dll-interface to be used by clients of class 'Crystal::Layer'
C:\Program Files\Microsoft Visual Studio\2022\Community\VC\Tools\MSVC\14.37.32822\include\xstring(5119,29): message : see declaration of 'std::basic_string<char,std::char_traits<char>,std::allocator<char>>'
  LayerStack.cpp
D:\Programming\C++\Crystal\Crystal\src\Crystal\Layer.h(20,15): warning C4251: 'Crystal::Layer::m_DebugName': class 'std::basic_string<char,std::char_traits<char>,std::allocator<char>>' needs to have dll-interface to be used by clients of class 'Crystal::Layer'
C:\Program Files\Microsoft Visual Studio\2022\Community\VC\Tools\MSVC\14.37.32822\include\xstring(5119,29): message : see declaration of 'std::basic_string<char,std::char_traits<char>,std::allocator<char>>'
D:\Programming\C++\Crystal\Crystal\src\Crystal\LayerStack.h(23,23): warning C4251: 'Crystal::LayerStack::m_Layers': class 'std::vector<Crystal::Layer *,std::allocator<Crystal::Layer *>>' needs to have dll-interface to be used by clients of class 'Crystal::LayerStack'
D:\Programming\C++\Crystal\Crystal\src\Crystal\LayerStack.h(20,8): message : see declaration of 'std::vector<Crystal::Layer *,std::allocator<Crystal::Layer *>>'
D:\Programming\C++\Crystal\Crystal\src\Crystal\LayerStack.h(24,33): warning C4251: 'Crystal::LayerStack::m_LayerInsert': class 'std::_Vector_iterator<std::_Vector_val<std::_Simple_types<_Ty>>>' needs to have dll-interface to be used by clients of class 'Crystal::LayerStack'
          with
          [
              _Ty=Crystal::Layer *
          ]
C:\Program Files\Microsoft Visual Studio\2022\Community\VC\Tools\MSVC\14.37.32822\include\vector(605,36): message : see declaration of 'std::_Vector_iterator<std::_Vector_val<std::_Simple_types<_Ty>>>'
          with
          [
              _Ty=Crystal::Layer *
          ]
  Log.cpp
D:\Programming\C++\Crystal\Crystal\src\Crystal\Log.h(18,42): warning C4251: 'Crystal::Log::s_CoreLogger': class 'std::shared_ptr<spdlog::logger>' needs to have dll-interface to be used by clients of class 'Crystal::Log'
D:\Programming\C++\Crystal\Crystal\vendor\spdlog\include\spdlog\details\registry.h(34,31): message : see declaration of 'std::shared_ptr<spdlog::logger>'
D:\Programming\C++\Crystal\Crystal\src\Crystal\Log.h(19,42): warning C4251: 'Crystal::Log::s_ClientLogger': class 'std::shared_ptr<spdlog::logger>' needs to have dll-interface to be used by clients of class 'Crystal::Log'
D:\Programming\C++\Crystal\Crystal\vendor\spdlog\include\spdlog\details\registry.h(34,31): message : see declaration of 'std::shared_ptr<spdlog::logger>'
  WindowsInput.cpp
D:\Programming\C++\Crystal\Crystal\src\Crystal\Log.h(18,42): warning C4251: 'Crystal::Log::s_CoreLogger': class 'std::shared_ptr<spdlog::logger>' needs to have dll-interface to be used by clients of class 'Crystal::Log'
D:\Programming\C++\Crystal\Crystal\vendor\spdlog\include\spdlog\details\registry.h(34,31): message : see declaration of 'std::shared_ptr<spdlog::logger>'
D:\Programming\C++\Crystal\Crystal\src\Crystal\Log.h(19,42): warning C4251: 'Crystal::Log::s_ClientLogger': class 'std::shared_ptr<spdlog::logger>' needs to have dll-interface to be used by clients of class 'Crystal::Log'
D:\Programming\C++\Crystal\Crystal\vendor\spdlog\include\spdlog\details\registry.h(34,31): message : see declaration of 'std::shared_ptr<spdlog::logger>'
D:\Programming\C++\Crystal\Crystal\src\Crystal\Layer.h(20,15): warning C4251: 'Crystal::Layer::m_DebugName': class 'std::basic_string<char,std::char_traits<char>,std::allocator<char>>' needs to have dll-interface to be used by clients of class 'Crystal::Layer'
C:\Program Files\Microsoft Visual Studio\2022\Community\VC\Tools\MSVC\14.37.32822\include\xstring(5119,29): message : see declaration of 'std::basic_string<char,std::char_traits<char>,std::allocator<char>>'
D:\Programming\C++\Crystal\Crystal\src\Crystal\LayerStack.h(23,23): warning C4251: 'Crystal::LayerStack::m_Layers': class 'std::vector<Crystal::Layer *,std::allocator<Crystal::Layer *>>' needs to have dll-interface to be used by clients of class 'Crystal::LayerStack'
D:\Programming\C++\Crystal\Crystal\src\Crystal\LayerStack.h(20,8): message : see declaration of 'std::vector<Crystal::Layer *,std::allocator<Crystal::Layer *>>'
D:\Programming\C++\Crystal\Crystal\src\Crystal\LayerStack.h(24,33): warning C4251: 'Crystal::LayerStack::m_LayerInsert': class 'std::_Vector_iterator<std::_Vector_val<std::_Simple_types<_Ty>>>' needs to have dll-interface to be used by clients of class 'Crystal::LayerStack'
          with
          [
              _Ty=Crystal::Layer *
          ]
C:\Program Files\Microsoft Visual Studio\2022\Community\VC\Tools\MSVC\14.37.32822\include\vector(605,36): message : see declaration of 'std::_Vector_iterator<std::_Vector_val<std::_Simple_types<_Ty>>>'
          with
          [
              _Ty=Crystal::Layer *
          ]
D:\Programming\C++\Crystal\Crystal\src\Crystal\Application.h(29,27): warning C4251: 'Crystal::Application::m_Window': class 'std::unique_ptr<Crystal::Window,std::default_delete<Crystal::Window>>' needs to have dll-interface to be used by clients of class 'Crystal::Application'
D:\Programming\C++\Crystal\Crystal\src\Crystal\Application.h(29,8): message : see declaration of 'std::unique_ptr<Crystal::Window,std::default_delete<Crystal::Window>>'
  WindowsWindow.cpp
D:\Programming\C++\Crystal\Crystal\src\Crystal\Log.h(18,42): warning C4251: 'Crystal::Log::s_CoreLogger': class 'std::shared_ptr<spdlog::logger>' needs to have dll-interface to be used by clients of class 'Crystal::Log'
D:\Programming\C++\Crystal\Crystal\vendor\spdlog\include\spdlog\details\registry.h(34,31): message : see declaration of 'std::shared_ptr<spdlog::logger>'
D:\Programming\C++\Crystal\Crystal\src\Crystal\Log.h(19,42): warning C4251: 'Crystal::Log::s_ClientLogger': class 'std::shared_ptr<spdlog::logger>' needs to have dll-interface to be used by clients of class 'Crystal::Log'
D:\Programming\C++\Crystal\Crystal\vendor\spdlog\include\spdlog\details\registry.h(34,31): message : see declaration of 'std::shared_ptr<spdlog::logger>'
  Generating Code...
     Creating library ..\bin\Debug-windows-x86_64\Crystal\Crystal.lib and object ..\bin\Debug-windows-x86_64\Crystal\Crystal.exp
LINK : warning LNK4098: defaultlib 'LIBCMTD' conflicts with use of other libs; use /NODEFAULTLIB:library
LINK : warning LNK4098: defaultlib 'LIBCMT' conflicts with use of other libs; use /NODEFAULTLIB:library
  Crystal.vcxproj -> D:\Programming\C++\Crystal\bin\Debug-windows-x86_64\Crystal\Crystal.dll
