VM start event not sent yet: dropping APPDOMAIN_CREATE
[0000000000002854] Thread started, obj=0000020D27AF0130, tls=0000020D2A865300.
VM start event not sent yet: dropping THREAD_START
[0000000000002854] Suspended.
[0000000000002854] Resumed.
VM start event not sent yet: dropping ASSEMBLY_LOAD
VM start event not sent yet: dropping TYPE_LOAD
VM start event not sent yet: dropping TYPE_LOAD
VM start event not sent yet: dropping TYPE_LOAD
VM start event not sent yet: dropping TYPE_LOAD
VM start event not sent yet: dropping TYPE_LOAD
VM start event not sent yet: dropping TYPE_LOAD
VM start event not sent yet: dropping TYPE_LOAD
VM start event not sent yet: dropping TYPE_LOAD
[0000000000007A30] Thread started, obj=0000020D27AF0278, tls=0000020D2A956700.
VM start event not sent yet: dropping THREAD_START
[0000000000007A30] Suspended.
[0000000000007A30] Resumed.
Debugger client is not connected: dropping VM_START
[dbg] Agent thread started, pid=000000000000673C
VM start event not sent yet: dropping APPDOMAIN_CREATE
VM start event not sent yet: dropping TYPE_LOAD
VM start event not sent yet: dropping TYPE_LOAD
VM start event not sent yet: dropping TYPE_LOAD
VM start event not sent yet: dropping TYPE_LOAD
VM start event not sent yet: dropping TYPE_LOAD
VM start event not sent yet: dropping TYPE_LOAD
VM start event not sent yet: dropping TYPE_LOAD
VM start event not sent yet: dropping TYPE_LOAD
VM start event not sent yet: dropping ASSEMBLY_LOAD
VM start event not sent yet: dropping ASSEMBLY_LOAD
VM start event not sent yet: dropping TYPE_LOAD
VM start event not sent yet: dropping TYPE_LOAD
VM start event not sent yet: dropping TYPE_LOAD
VM start event not sent yet: dropping TYPE_LOAD
VM start event not sent yet: dropping TYPE_LOAD
VM start event not sent yet: dropping TYPE_LOAD
VM start event not sent yet: dropping TYPE_LOAD
VM start event not sent yet: dropping TYPE_LOAD
VM start event not sent yet: dropping TYPE_LOAD
VM start event not sent yet: dropping TYPE_LOAD
VM start event not sent yet: dropping TYPE_LOAD
VM start event not sent yet: dropping TYPE_LOAD
VM start event not sent yet: dropping TYPE_LOAD
VM start event not sent yet: dropping TYPE_LOAD
VM start event not sent yet: dropping TYPE_LOAD
VM start event not sent yet: dropping TYPE_LOAD
VM start event not sent yet: dropping TYPE_LOAD
VM start event not sent yet: dropping TYPE_LOAD
VM start event not sent yet: dropping TYPE_LOAD
VM start event not sent yet: dropping TYPE_LOAD
VM start event not sent yet: dropping TYPE_LOAD
VM start event not sent yet: dropping TYPE_LOAD
VM start event not sent yet: dropping TYPE_LOAD
VM start event not sent yet: dropping TYPE_LOAD
VM start event not sent yet: dropping TYPE_LOAD
VM start event not sent yet: dropping TYPE_LOAD
VM start event not sent yet: dropping TYPE_LOAD
VM start event not sent yet: dropping TYPE_LOAD
VM start event not sent yet: dropping TYPE_LOAD
VM start event not sent yet: dropping TYPE_LOAD
VM start event not sent yet: dropping TYPE_LOAD
VM start event not sent yet: dropping TYPE_LOAD
VM start event not sent yet: dropping TYPE_LOAD
VM start event not sent yet: dropping TYPE_LOAD
VM start event not sent yet: dropping TYPE_LOAD
VM start event not sent yet: dropping TYPE_LOAD
VM start event not sent yet: dropping TYPE_LOAD
VM start event not sent yet: dropping TYPE_LOAD
VM start event not sent yet: dropping TYPE_LOAD
VM start event not sent yet: dropping TYPE_LOAD
VM start event not sent yet: dropping TYPE_LOAD
VM start event not sent yet: dropping TYPE_LOAD
VM start event not sent yet: dropping TYPE_LOAD
VM start event not sent yet: dropping TYPE_LOAD
VM start event not sent yet: dropping TYPE_LOAD
VM start event not sent yet: dropping TYPE_LOAD
VM start event not sent yet: dropping TYPE_LOAD
VM start event not sent yet: dropping TYPE_LOAD
VM start event not sent yet: dropping TYPE_LOAD
VM start event not sent yet: dropping TYPE_LOAD
VM start event not sent yet: dropping TYPE_LOAD
VM start event not sent yet: dropping TYPE_LOAD
VM start event not sent yet: dropping TYPE_LOAD
VM start event not sent yet: dropping TYPE_LOAD
VM start event not sent yet: dropping TYPE_LOAD
VM start event not sent yet: dropping TYPE_LOAD
VM start event not sent yet: dropping TYPE_LOAD
VM start event not sent yet: dropping TYPE_LOAD
VM start event not sent yet: dropping TYPE_LOAD
VM start event not sent yet: dropping TYPE_LOAD
VM start event not sent yet: dropping TYPE_LOAD
VM start event not sent yet: dropping TYPE_LOAD
VM start event not sent yet: dropping TYPE_LOAD
[0000000000004E58] Thread started, obj=0000020D27AF0508, tls=0000020D32D3AC90.
VM start event not sent yet: dropping THREAD_START
[0000000000004E58] Suspended.
[0000000000004E58] Resumed.
VM start event not sent yet: dropping TYPE_LOAD
VM start event not sent yet: dropping TYPE_LOAD
VM start event not sent yet: dropping TYPE_LOAD
VM start event not sent yet: dropping TYPE_LOAD
VM start event not sent yet: dropping TYPE_LOAD
VM start event not sent yet: dropping TYPE_LOAD
VM start event not sent yet: dropping TYPE_LOAD
VM start event not sent yet: dropping TYPE_LOAD
VM start event not sent yet: dropping TYPE_LOAD
VM start event not sent yet: dropping TYPE_LOAD
VM start event not sent yet: dropping TYPE_LOAD
VM start event not sent yet: dropping ASSEMBLY_UNLOAD
VM start event not sent yet: dropping ASSEMBLY_UNLOAD
VM start event not sent yet: dropping APPDOMAIN_UNLOAD
[0000000000004E58] Thread terminated, obj=0000020D27AF0508, tls=0000020D32D3AC90 (domain=0000020D2AA7EE20).
VM start event not sent yet: dropping THREAD_DEATH
VM start event not sent yet: dropping TYPE_LOAD
VM start event not sent yet: dropping TYPE_LOAD
VM start event not sent yet: dropping TYPE_LOAD
VM start event not sent yet: dropping TYPE_LOAD
VM start event not sent yet: dropping TYPE_LOAD
VM start event not sent yet: dropping TYPE_LOAD
VM start event not sent yet: dropping TYPE_LOAD
VM start event not sent yet: dropping TYPE_LOAD
VM start event not sent yet: dropping TYPE_LOAD
VM start event not sent yet: dropping TYPE_LOAD
VM start event not sent yet: dropping TYPE_LOAD
VM start event not sent yet: dropping TYPE_LOAD
VM start event not sent yet: dropping TYPE_LOAD
VM start event not sent yet: dropping TYPE_LOAD
VM start event not sent yet: dropping TYPE_LOAD
VM start event not sent yet: dropping TYPE_LOAD
VM start event not sent yet: dropping TYPE_LOAD
VM start event not sent yet: dropping TYPE_LOAD
VM start event not sent yet: dropping TYPE_LOAD
VM start event not sent yet: dropping TYPE_LOAD
VM start event not sent yet: dropping TYPE_LOAD
VM start event not sent yet: dropping TYPE_LOAD
VM start event not sent yet: dropping TYPE_LOAD
VM start event not sent yet: dropping TYPE_LOAD
VM start event not sent yet: dropping TYPE_LOAD
VM start event not sent yet: dropping TYPE_LOAD
VM start event not sent yet: dropping TYPE_LOAD
[0000000000007A30] Thread terminated, obj=0000020D27AF0278, tls=0000020D2A956700 (domain=0000020D2AA7EE20).
VM start event not sent yet: dropping THREAD_DEATH
VM start event not sent yet: dropping VM_DEATH
Accepted connection on -1
[dbg] Bad client connection
[dbg] Can't attach, aborting debugger thread.
[dbg] Debugger thread exited.
